<?xml version="1.0" encoding="UTF-8"?>
<testsuite xmlns:xsi="http://www.w3.org/2001/XMLSchema-instance" xsi:noNamespaceSchemaLocation="https://maven.apache.org/surefire/maven-surefire-plugin/xsd/surefire-test-report.xsd" name="org.cmdbuild.utils.json.test.JsonProcessingTest" time="0.089" tests="4" errors="0" skipped="0" failures="0">
  <properties>
[...]
</properties>
  <testcase name="testCustomEnumSerialization" classname="org.cmdbuild.utils.json.test.JsonProcessingTest" time="0.039"/>
  <testcase name="testPrettyPrintLazy1" classname="org.cmdbuild.utils.json.test.JsonProcessingTest" time="0.05"/>
  <testcase name="testPrettyPrintLazy2" classname="org.cmdbuild.utils.json.test.JsonProcessingTest" time="0"/>
  <testcase name="testPrettyPrintLazy3" classname="org.cmdbuild.utils.json.test.JsonProcessingTest" time="0"/>
</testsuite>